<?xml version="1.0" encoding="UTF-8"?>
<!-- Generated by org.testng.reporters.JUnitReportReporter -->
<testsuite hostname="WINDOWS-UNR7VLH" failures="0" tests="5" name="testcases.PractoTest" time="19.706" errors="0" timestamp="2022-10-27T15:47:21 IST" skipped="0">
  <testcase classname="testcases.PractoTest" name="loginTest" time="7.453"/>
  <system-out/>
  <testcase classname="testcases.PractoTest" name="locAndNavTest" time="3.845"/>
  <system-out/>
  <testcase classname="testcases.PractoTest" name="medicineTest" time="5.373"/>
  <system-out/>
  <testcase classname="testcases.PractoTest" name="addProductsTest" time="0.314"/>
  <system-out/>
  <testcase classname="testcases.PractoTest" name="viewCartTest" time="2.721"/>
  <system-out/>
</testsuite> <!-- testcases.PractoTest -->
