<?xml version="1.0" encoding="UTF-8"?>
<!-- Generated by org.testng.reporters.JUnitReportReporter -->
<testsuite hostname="WINDOWS-UNR7VLH" failures="0" tests="1" name="test.Category" time="14.495" errors="0" timestamp="2022-10-22T14:58:28 IST" skipped="0">
  <testcase classname="test.Category" name="f" time="14.495"/>
  <system-out/>
</testsuite> <!-- test.Category -->
