<?xml version="1.0" encoding="UTF-8"?>
<!-- Generated by org.testng.reporters.JUnitReportReporter -->
<testsuite hostname="WINDOWS-UNR7VLH" failures="0" tests="1" name="test.Login" time="6.537" errors="0" timestamp="2022-10-22T15:37:56 IST" skipped="0">
  <testcase classname="test.Login" name="f" time="6.537"/>
  <system-out>
    <![CDATA[This is login test]]>
  </system-out>
</testsuite> <!-- test.Login -->
