<?xml version="1.0" encoding="UTF-8"?>
<!-- Generated by org.testng.reporters.JUnitReportReporter -->
<testsuite hostname="WINDOWS-UNR7VLH" failures="0" tests="1" name="test1.AddProduct" time="22.371" errors="0" timestamp="2022-10-25T16:13:28 IST" skipped="0">
  <testcase classname="test1.AddProduct" name="addProduct" time="22.371"/>
  <system-out/>
</testsuite> <!-- test1.AddProduct -->
