<?xml version="1.0" encoding="UTF-8"?>
<!-- Generated by org.testng.reporters.JUnitReportReporter -->
<testsuite hostname="WINDOWS-UNR7VLH" failures="0" tests="1" name="test1.SetLocation" time="8.158" errors="0" timestamp="2022-10-27T18:17:15 IST" skipped="0">
  <testcase classname="test1.SetLocation" name="f" time="8.158"/>
  <system-out/>
</testsuite> <!-- test1.SetLocation -->
