<?xml version="1.0" encoding="UTF-8"?>
<!-- Generated by org.testng.reporters.JUnitReportReporter -->
<testsuite hostname="WINDOWS-UNR7VLH" failures="0" tests="5" name="testcases.PractoTest" time="30.690" errors="0" timestamp="2022-11-03T16:49:22 IST" skipped="0">
  <testcase classname="testcases.PractoTest" name="loginTest" time="9.398"/>
  <system-out/>
  <testcase classname="testcases.PractoTest" name="locAndNavTest" time="8.913"/>
  <system-out/>
  <testcase classname="testcases.PractoTest" name="medicineTest" time="8.837"/>
  <system-out/>
  <testcase classname="testcases.PractoTest" name="addProductsTest" time="0.627"/>
  <system-out/>
  <testcase classname="testcases.PractoTest" name="viewCartTest" time="2.915"/>
  <system-out/>
</testsuite> <!-- testcases.PractoTest -->
