<?xml version="1.0" encoding="UTF-8"?>
<!-- Generated by org.testng.reporters.JUnitReportReporter -->
<testsuite hostname="WINDOWS-UNR7VLH" failures="0" tests="5" name="testcases.PractoTest" time="25.252" errors="0" timestamp="2022-11-03T16:10:13 IST" skipped="0">
  <testcase classname="testcases.PractoTest" name="loginTest" time="8.355"/>
  <system-out/>
  <testcase classname="testcases.PractoTest" name="locAndNavTest" time="6.403"/>
  <system-out/>
  <testcase classname="testcases.PractoTest" name="medicineTest" time="6.811"/>
  <system-out/>
  <testcase classname="testcases.PractoTest" name="addProductsTest" time="0.420"/>
  <system-out/>
  <testcase classname="testcases.PractoTest" name="viewCartTest" time="3.263"/>
  <system-out/>
</testsuite> <!-- testcases.PractoTest -->
