<?xml version="1.0" encoding="UTF-8"?>
<!-- Generated by org.testng.reporters.JUnitReportReporter -->
<testsuite hostname="WINDOWS-UNR7VLH" failures="0" tests="5" name="testcases.PractoTest" time="32.081" errors="0" timestamp="2022-11-03T16:25:19 IST" skipped="0">
  <testcase classname="testcases.PractoTest" name="loginTest" time="9.485"/>
  <system-out/>
  <testcase classname="testcases.PractoTest" name="locAndNavTest" time="10.902"/>
  <system-out/>
  <testcase classname="testcases.PractoTest" name="medicineTest" time="7.788"/>
  <system-out/>
  <testcase classname="testcases.PractoTest" name="addProductsTest" time="0.533"/>
  <system-out/>
  <testcase classname="testcases.PractoTest" name="viewCartTest" time="3.373"/>
  <system-out/>
</testsuite> <!-- testcases.PractoTest -->
